<?xml version="1.0" encoding="UTF-8"?>
<!-- Generated by org.testng.reporters.JUnitXMLReporter -->
<testsuite ignored="1" hostname="EC2AMAZ-S11DBRH" failures="1" tests="1" name="Default test(failed)" time="7.346" errors="0" timestamp="2023-12-08T05:27:35 GMT">
  <testcase classname="testScripts.GooglePageTest" name="javaseachTest" time="4.578">
    <failure type="java.lang.AssertionError" message="expected [Java tutorial - Google Search ] but found [Java tutorial - Google Search]">
      <![CDATA[java.lang.AssertionError: expected [Java tutorial - Google Search ] but found [Java tutorial - Google Search]
at testScripts.GooglePageTest.javaseachTest(GooglePageTest.java:47)
at java.base/java.util.ArrayList.forEach(ArrayList.java:1511)
... Removed 33 stack frames]]>
    </failure>
  </testcase> <!-- javaseachTest -->
  <testcase classname="testScripts.GooglePageTest" name="seleniumseachTest" time="0.0">
    <ignored/>
  </testcase> <!-- seleniumseachTest -->
</testsuite> <!-- Default test(failed) -->
