<?xml version="1.0" encoding="UTF-8"?>
<testng-results ignored="0" total="12" passed="12" failed="0" skipped="0">
  <reporter-output>
  </reporter-output>
  <suite started-at="2023-12-08T07:51:05 GMT" name="SampleSuite" finished-at="2023-12-08T07:51:06 GMT" duration-ms="99">
    <groups>
    </groups>
    <test started-at="2023-12-08T07:51:05 GMT" name="ModuleOneTest" finished-at="2023-12-08T07:51:06 GMT" duration-ms="99">
      <class name="parallelScripts.SampleOneTest">
        <test-method signature="testFour()[pri:0, instance:parallelScripts.SampleOneTest@2e1d27ba]" started-at="2023-12-08T07:51:05 GMT" name="testFour" finished-at="2023-12-08T07:51:05 GMT" duration-ms="10" status="PASS">
          <reporter-output>
          </reporter-output>
        </test-method> <!-- testFour -->
        <test-method signature="testOne()[pri:0, instance:parallelScripts.SampleOneTest@2e1d27ba]" started-at="2023-12-08T07:51:06 GMT" name="testOne" finished-at="2023-12-08T07:51:06 GMT" duration-ms="4" status="PASS">
          <reporter-output>
          </reporter-output>
        </test-method> <!-- testOne -->
        <test-method signature="testThree()[pri:0, instance:parallelScripts.SampleOneTest@2e1d27ba]" started-at="2023-12-08T07:51:06 GMT" name="testThree" finished-at="2023-12-08T07:51:06 GMT" duration-ms="5" status="PASS">
          <reporter-output>
          </reporter-output>
        </test-method> <!-- testThree -->
        <test-method signature="testTwo()[pri:0, instance:parallelScripts.SampleOneTest@2e1d27ba]" started-at="2023-12-08T07:51:06 GMT" name="testTwo" finished-at="2023-12-08T07:51:06 GMT" duration-ms="3" status="PASS">
          <reporter-output>
          </reporter-output>
        </test-method> <!-- testTwo -->
      </class> <!-- parallelScripts.SampleOneTest -->
      <class name="parallelScripts.SampleThreeTest">
        <test-method signature="testFour()[pri:0, instance:parallelScripts.SampleThreeTest@2525ff7e]" started-at="2023-12-08T07:51:06 GMT" name="testFour" finished-at="2023-12-08T07:51:06 GMT" duration-ms="3" status="PASS">
          <reporter-output>
          </reporter-output>
        </test-method> <!-- testFour -->
        <test-method signature="testOne()[pri:0, instance:parallelScripts.SampleThreeTest@2525ff7e]" started-at="2023-12-08T07:51:06 GMT" name="testOne" finished-at="2023-12-08T07:51:06 GMT" duration-ms="2" status="PASS">
          <reporter-output>
          </reporter-output>
        </test-method> <!-- testOne -->
        <test-method signature="testThree()[pri:0, instance:parallelScripts.SampleThreeTest@2525ff7e]" started-at="2023-12-08T07:51:06 GMT" name="testThree" finished-at="2023-12-08T07:51:06 GMT" duration-ms="1" status="PASS">
          <reporter-output>
          </reporter-output>
        </test-method> <!-- testThree -->
        <test-method signature="testTwo()[pri:0, instance:parallelScripts.SampleThreeTest@2525ff7e]" started-at="2023-12-08T07:51:06 GMT" name="testTwo" finished-at="2023-12-08T07:51:06 GMT" duration-ms="2" status="PASS">
          <reporter-output>
          </reporter-output>
        </test-method> <!-- testTwo -->
      </class> <!-- parallelScripts.SampleThreeTest -->
      <class name="parallelScripts.SampleTwoTest">
        <test-method signature="testFour()[pri:0, instance:parallelScripts.SampleTwoTest@61d6015a]" started-at="2023-12-08T07:51:05 GMT" name="testFour" finished-at="2023-12-08T07:51:05 GMT" duration-ms="10" status="PASS">
          <reporter-output>
          </reporter-output>
        </test-method> <!-- testFour -->
        <test-method signature="testOne()[pri:0, instance:parallelScripts.SampleTwoTest@61d6015a]" started-at="2023-12-08T07:51:06 GMT" name="testOne" finished-at="2023-12-08T07:51:06 GMT" duration-ms="3" status="PASS">
          <reporter-output>
          </reporter-output>
        </test-method> <!-- testOne -->
        <test-method signature="testThree()[pri:0, instance:parallelScripts.SampleTwoTest@61d6015a]" started-at="2023-12-08T07:51:06 GMT" name="testThree" finished-at="2023-12-08T07:51:06 GMT" duration-ms="2" status="PASS">
          <reporter-output>
          </reporter-output>
        </test-method> <!-- testThree -->
        <test-method signature="testTwo()[pri:0, instance:parallelScripts.SampleTwoTest@61d6015a]" started-at="2023-12-08T07:51:06 GMT" name="testTwo" finished-at="2023-12-08T07:51:06 GMT" duration-ms="3" status="PASS">
          <reporter-output>
          </reporter-output>
        </test-method> <!-- testTwo -->
      </class> <!-- parallelScripts.SampleTwoTest -->
    </test> <!-- ModuleOneTest -->
  </suite> <!-- SampleSuite -->
</testng-results>
