<?xml version="1.0" encoding="UTF-8"?>
<testng-results ignored="0" total="1" passed="1" failed="0" skipped="0">
  <reporter-output>
  </reporter-output>
  <suite started-at="2023-12-13T07:07:50 GMT" name="Default suite" finished-at="2023-12-13T07:07:54 GMT" duration-ms="3560">
    <groups>
    </groups>
    <test started-at="2023-12-13T07:07:50 GMT" name="Default test" finished-at="2023-12-13T07:07:54 GMT" duration-ms="3560">
      <class name="testScripts.CDPTest">
        <test-method is-config="true" signature="setup()[pri:0, instance:testScripts.CDPTest@5be6e01c]" started-at="2023-12-13T07:07:50 GMT" name="setup" finished-at="2023-12-13T07:07:53 GMT" duration-ms="2813" status="PASS">
          <reporter-output>
          </reporter-output>
        </test-method> <!-- setup -->
        <test-method signature="captureNetworkTrafficTest()[pri:0, instance:testScripts.CDPTest@5be6e01c]" started-at="2023-12-13T07:07:53 GMT" name="captureNetworkTrafficTest" finished-at="2023-12-13T07:07:54 GMT" duration-ms="700" status="PASS">
          <reporter-output>
          </reporter-output>
        </test-method> <!-- captureNetworkTrafficTest -->
      </class> <!-- testScripts.CDPTest -->
    </test> <!-- Default test -->
  </suite> <!-- Default suite -->
</testng-results>
